<?xml version="1.0" encoding="UTF-8" ?>
<testsuite tests="7" failures="2" name="cucumber.Options.TestRunner" time="8.62" errors="0" skipped="0">
  <properties>
[...]
</properties>
  <testcase classname="Validate Appointments" name="Verify 1st hospital #1" time="5.89"/>
  <testcase classname="Validate Appointments" name="Verify 1st hospital #2" time="0.24"/>
  <testcase classname="Validate Appointments" name="Verify 1st hospital #3" time="0.21">
    <failure message="expected:&lt;200&gt; but was:&lt;204&gt;" type="java.lang.AssertionError">java.lang.AssertionError: expected:&lt;200&gt; but was:&lt;204&gt;
	at org.junit.Assert.fail(Assert.java:89)
	at org.junit.Assert.failNotEquals(Assert.java:835)
	at org.junit.Assert.assertEquals(Assert.java:647)
	at org.junit.Assert.assertEquals(Assert.java:633)
	at stepDefinition.CoWin.the_api_call_got_success_with_status_code(CoWin.java:55)
	at ✽.the API call got success with status code &quot;204&quot;(file:///home/pranav_ruke/eclipse-workspace/RESTAssured/src/test/java/features/appointments.feature:21)
</failure>
    <system-out>/v2/appointment/sessions/public/findByPin
</system-out>
  </testcase>
  <testcase classname="Validate Appointments" name="Verify 1st hospital #4" time="0.235"/>
  <testcase classname="Validating OTP is generated" name="Generate OTP #1" time="1.345"/>
  <testcase classname="Validating OTP is generated" name="Generate OTP #2" time="0.219"/>
  <testcase classname="Validate Repository Actions" name="Create new Repository is created for an authenticated user" time="0.481">
    <failure message="expected:&lt;422&gt; but was:&lt;201&gt;" type="java.lang.AssertionError">java.lang.AssertionError: expected:&lt;422&gt; but was:&lt;201&gt;
	at org.junit.Assert.fail(Assert.java:89)
	at org.junit.Assert.failNotEquals(Assert.java:835)
	at org.junit.Assert.assertEquals(Assert.java:647)
	at org.junit.Assert.assertEquals(Assert.java:633)
	at stepDefinition.Repositories.response_status_code(Repositories.java:52)
	at ✽.response status code &quot;201&quot;(file:///home/pranav_ruke/eclipse-workspace/RESTAssured/src/test/java/features/repositories.feature:6)
</failure>
  </testcase>
</testsuite>